\BOOKMARK [0][-]{chapter*.1}{Abstract}{}% 1
\BOOKMARK [0][-]{chapter.1}{Theory}{}% 2
\BOOKMARK [1][-]{section.1.1}{Governing equations}{chapter.1}% 3
\BOOKMARK [1][-]{section.1.2}{The barotropic assumption}{chapter.1}% 4
\BOOKMARK [1][-]{section.1.3}{The linear wave equation}{chapter.1}% 5
\BOOKMARK [1][-]{section.1.4}{Laplace's hypothesis}{chapter.1}% 6
\BOOKMARK [1][-]{section.1.5}{Speed of sound}{chapter.1}% 7
\BOOKMARK [1][-]{section.1.6}{The Helmholtz equation}{chapter.1}% 8
\BOOKMARK [1][-]{section.1.7}{Physical interpretation}{chapter.1}% 9
\BOOKMARK [0][-]{chapter.2}{Problem 1: scattering around a circular cylinder}{}% 10
\BOOKMARK [1][-]{section.2.1}{Introduction to the problem}{chapter.2}% 11
\BOOKMARK [1][-]{section.2.2}{The incident field}{chapter.2}% 12
\BOOKMARK [1][-]{section.2.3}{The scattered field}{chapter.2}% 13
\BOOKMARK [1][-]{section.2.4}{Total field}{chapter.2}% 14
\BOOKMARK [0][-]{chapter.3}{Plotter tool}{}% 15
\BOOKMARK [1][-]{section.3.1}{Introduction}{chapter.3}% 16
\BOOKMARK [1][-]{section.3.2}{Approach}{chapter.3}% 17
\BOOKMARK [1][-]{section.3.3}{The Graphics class}{chapter.3}% 18
\BOOKMARK [1][-]{section.3.4}{The Wave class}{chapter.3}% 19
\BOOKMARK [1][-]{section.3.5}{Particular Wave instantiations}{chapter.3}% 20
\BOOKMARK [1][-]{section.3.6}{Example plots}{chapter.3}% 21
\BOOKMARK [0][-]{chapter*.6}{References}{}% 22
